<?xml version="1.0" encoding="UTF-8"?>
<!-- Generated by org.testng.reporters.JUnitXMLReporter -->
<testsuite ignored="0" hostname="DESKTOP-LJH27E5" failures="0" tests="3" name="Default test" time="0.096" errors="0" timestamp="2024-07-30T21:39:52 IST">
  <testcase classname="batch_execution.Sample2" name="tc4" time="0.015"/>
  <testcase classname="batch_execution.Sample2" name="tc5" time="0.004"/>
  <testcase classname="batch_execution.Sample2" name="tc6" time="0.005"/>
</testsuite> <!-- Default test -->
