<?xml version="1.0" encoding="UTF-8"?>
<testng-results ignored="0" total="3" passed="3" failed="0" skipped="0">
  <reporter-output>
  </reporter-output>
  <suite started-at="2024-07-31T20:31:43 IST" name="Suite" finished-at="2024-07-31T20:32:28 IST" duration-ms="44825">
    <groups>
    </groups>
    <test started-at="2024-07-31T20:31:43 IST" name="Test3" finished-at="2024-07-31T20:31:54 IST" duration-ms="10733">
      <class name="parallel_execution.Parallel_3">
        <test-method signature="tc3()[pri:0, instance:parallel_execution.Parallel_3@7b9a4292]" started-at="2024-07-31T20:31:43 IST" name="tc3" finished-at="2024-07-31T20:31:54 IST" duration-ms="10617" status="PASS">
          <reporter-output>
          </reporter-output>
        </test-method> <!-- tc3 -->
      </class> <!-- parallel_execution.Parallel_3 -->
    </test> <!-- Test3 -->
    <test started-at="2024-07-31T20:31:43 IST" name="Test2" finished-at="2024-07-31T20:32:08 IST" duration-ms="24531">
      <class name="parallel_execution.Parallel_2">
        <test-method signature="tc2()[pri:0, instance:parallel_execution.Parallel_2@4466af20]" started-at="2024-07-31T20:31:43 IST" name="tc2" finished-at="2024-07-31T20:32:08 IST" duration-ms="24462" status="PASS">
          <reporter-output>
          </reporter-output>
        </test-method> <!-- tc2 -->
      </class> <!-- parallel_execution.Parallel_2 -->
    </test> <!-- Test2 -->
    <test started-at="2024-07-31T20:31:43 IST" name="Test1" finished-at="2024-07-31T20:32:28 IST" duration-ms="44825">
      <class name="parallel_execution.Parallel_1">
        <test-method signature="tc1()[pri:0, instance:parallel_execution.Parallel_1@1725dc0f]" started-at="2024-07-31T20:31:43 IST" name="tc1" finished-at="2024-07-31T20:32:28 IST" duration-ms="44759" status="PASS">
          <reporter-output>
          </reporter-output>
        </test-method> <!-- tc1 -->
      </class> <!-- parallel_execution.Parallel_1 -->
    </test> <!-- Test1 -->
  </suite> <!-- Suite -->
</testng-results>
